Flutter crash report.
Please report a bug at https://github.com/flutter/flutter/issues.

## command

flutter init

## exception

ProcessPackageException: ProcessException: Failed to find "git" in the search path.
  Command: git 

```
#0      LocalProcessManager.runSync (package:process/src/interface/local_process_manager.dart:118:7)
#1      ErrorHandlingProcessManager.runSync.<anonymous closure> (package:flutter_tools/src/base/error_handling_io.dart:714:24)
#2      _runSync (package:flutter_tools/src/base/error_handling_io.dart:590:14)
#3      ErrorHandlingProcessManager.runSync (package:flutter_tools/src/base/error_handling_io.dart:713:12)
#4      _runSync (package:flutter_tools/src/version.dart:856:56)
#5      _gitCommitDate (package:flutter_tools/src/version.dart:436:12)
#6      FlutterVersion.checkFlutterVersionFreshness (package:flutter_tools/src/version.dart:279:49)
#7      FlutterCommandRunner.runCommand.<anonymous closure> (package:flutter_tools/src/runner/flutter_command_runner.dart:320:40)
<asynchronous suspension>
#8      AppContext.run.<anonymous closure> (package:flutter_tools/src/base/context.dart:150:19)
<asynchronous suspension>
#9      FlutterCommandRunner.runCommand (package:flutter_tools/src/runner/flutter_command_runner.dart:294:5)
<asynchronous suspension>
#10     run.<anonymous closure>.<anonymous closure> (package:flutter_tools/runner.dart:112:9)
<asynchronous suspension>
#11     AppContext.run.<anonymous closure> (package:flutter_tools/src/base/context.dart:150:19)
<asynchronous suspension>
#12     main (package:flutter_tools/executable.dart:90:3)
<asynchronous suspension>
```

## flutter doctor

```
[31m[☠][39m Flutter (the doctor check crashed)
    [31m✗[39m Due to an error, the doctor check did not complete. If the error message below is
      not helpful, please let us know about this issue at
      https://github.com/flutter/flutter/issues.
    [31m✗[39m ProcessException: Failed to find "git" in the search path.
        Command: git 
    [32m•[39m #0      LocalProcessManager.runSync
      (package:process/src/interface/local_process_manager.dart:118:7)
      #1      ErrorHandlingProcessManager.runSync.<anonymous closure>
      (package:flutter_tools/src/base/error_handling_io.dart:714:24)
      #2      _runSync (package:flutter_tools/src/base/error_handling_io.dart:590:14)
      #3      ErrorHandlingProcessManager.runSync
      (package:flutter_tools/src/base/error_handling_io.dart:713:12)
      #4      _DefaultProcessUtils.runSync
      (package:flutter_tools/src/base/process.dart:377:51)
      #5      _runGit (package:flutter_tools/src/version.dart:877:23)
      #6      FlutterVersion.frameworkAge
      (package:flutter_tools/src/version.dart:220:30)
      #7      FlutterValidator.validate (package:flutter_tools/src/doctor.dart:531:17)
      #8      Doctor.startValidatorTasks.<anonymous closure>
      (package:flutter_tools/src/doctor.dart:264:72)
      #9      asyncGuard.<anonymous closure>
      (package:flutter_tools/src/base/async_guard.dart:111:32)
      #10     _rootRun (dart:async/zone.dart:1399:13)
      #11     _CustomZone.run (dart:async/zone.dart:1301:19)
      #12     _runZoned (dart:async/zone.dart:1804:10)
      #13     runZonedGuarded (dart:async/zone.dart:1792:12)
      #14     runZoned (dart:async/zone.dart:1744:12)
      #15     asyncGuard (package:flutter_tools/src/base/async_guard.dart:109:3)
      #16     Doctor.startValidatorTasks (package:flutter_tools/src/doctor.dart:256:9)
      #17     DoctorText._validatorTasks (package:flutter_tools/src/doctor.dart:747:60)
      #18     DoctorText._validatorTasks (package:flutter_tools/src/doctor.dart)
      #19     DoctorText._runDiagnosis (package:flutter_tools/src/doctor.dart:751:53)
      #20     DoctorText.text (package:flutter_tools/src/doctor.dart:743:36)
      #21     DoctorText.text (package:flutter_tools/src/doctor.dart)
      #22     _createLocalCrashReport (package:flutter_tools/runner.dart:254:51)
      #23     _handleToolError (package:flutter_tools/runner.dart:216:31)
      <asynchronous suspension>
      #24     AppContext.run.<anonymous closure>
      (package:flutter_tools/src/base/context.dart:150:19)
      <asynchronous suspension>
      #25     main (package:flutter_tools/executable.dart:90:3)
      <asynchronous suspension>


[32m[✓][39m Windows Version (Installed version of Windows is version 10 or higher)

[33m[!][39m Android toolchain - develop for Android devices (Android SDK version 34.0.0)
    [32m•[39m Android SDK at C:\Users\ewudi\AppData\Local\Android\sdk
    [31m✗[39m cmdline-tools component is missing
      Run `path/to/sdkmanager --install "cmdline-tools;latest"`
      See https://developer.android.com/studio/command-line for more details.
    [31m✗[39m Android license status unknown.
      Run `flutter doctor --android-licenses` to accept the SDK licenses.
      See https://flutter.dev/docs/get-started/install/windows#android-setup for more
      details.

[32m[✓][39m Chrome - develop for the web
    [32m•[39m Chrome at C:\Program Files\Google\Chrome\Application\chrome.exe

[31m[✗][39m Visual Studio - develop Windows apps
    [31m✗[39m Visual Studio not installed; this is necessary to develop Windows apps.
      Download at https://visualstudio.microsoft.com/downloads/.
      Please install the "Desktop development with C++" workload, including all of its
      default components

[32m[✓][39m Android Studio (version 2023.1)
    [32m•[39m Android Studio at C:\Program Files\Android\Android Studio
    [32m•[39m Flutter plugin can be installed from:
      🔨 https://plugins.jetbrains.com/plugin/9212-flutter
    [32m•[39m Dart plugin can be installed from:
      🔨 https://plugins.jetbrains.com/plugin/6351-dart
    [32m•[39m Java version OpenJDK Runtime Environment (build 17.0.7+0-b2043.56-10550314)

[32m[✓][39m VS Code (version 1.92.1)
    [32m•[39m VS Code at C:\Users\ewudi\AppData\Local\Programs\Microsoft VS Code
    [32m•[39m Flutter extension can be installed from:
      🔨 https://marketplace.visualstudio.com/items?itemName=Dart-Code.flutter

[32m[✓][39m Connected device (3 available)
    [32m•[39m Windows (desktop) • windows • windows-x64    • Microsoft Windows [Version
      10.0.19045.4651]
    [32m•[39m Chrome (web)      • chrome  • web-javascript • Google Chrome 127.0.6533.100
    [32m•[39m Edge (web)        • edge    • web-javascript • Microsoft Edge 126.0.2592.113

[32m[✓][39m Network resources
    [32m•[39m All expected network resources are available.

[33m![39m Doctor found issues in 3 categories.
```
